<?xml version="1.0" encoding="UTF-8"?>
<testng-results ignored="0" total="1" passed="1" failed="0" skipped="0">
  <reporter-output>
  </reporter-output>
  <suite started-at="2025-02-12T00:36:03 IST" name="Default suite" finished-at="2025-02-12T00:36:59 IST" duration-ms="55873">
    <groups>
    </groups>
    <test started-at="2025-02-12T00:36:03 IST" name="Default test" finished-at="2025-02-12T00:36:59 IST" duration-ms="55873">
      <class name="javaSelenium.createAccount">
        <test-method is-config="true" signature="startBrowser()[pri:0, instance:javaSelenium.createAccount@359f7cdf]" started-at="2025-02-12T00:36:03 IST" name="startBrowser" finished-at="2025-02-12T00:36:32 IST" duration-ms="28595" status="PASS">
          <reporter-output>
          </reporter-output>
        </test-method> <!-- startBrowser -->
        <test-method signature="createAcc()[pri:0, instance:javaSelenium.createAccount@359f7cdf]" started-at="2025-02-12T00:36:32 IST" name="createAcc" finished-at="2025-02-12T00:36:59 IST" duration-ms="26797" status="PASS">
          <reporter-output>
          </reporter-output>
        </test-method> <!-- createAcc -->
        <test-method is-config="true" signature="close()[pri:0, instance:javaSelenium.createAccount@359f7cdf]" started-at="2025-02-12T00:36:59 IST" name="close" finished-at="2025-02-12T00:36:59 IST" duration-ms="315" status="PASS">
          <reporter-output>
          </reporter-output>
        </test-method> <!-- close -->
      </class> <!-- javaSelenium.createAccount -->
    </test> <!-- Default test -->
  </suite> <!-- Default suite -->
</testng-results>
